[0422/203448.862:ERROR:process_memory_win.cc(73)] ReadMemory at 0x7ff6b72b0000 of 64 bytes failed: Only part of a ReadProcessMemory or WriteProcessMemory request was completed. (0x12B)
[0422/203448.864:WARNING:pe_image_reader.cc(340)] could not read dos header from C:\Program Files (x86)\Google\Chrome\Application\chrome.exe
[0422/203448.864:ERROR:process_memory_win.cc(73)] ReadMemory at 0x7ffb12f60000 of 64 bytes failed: Only part of a ReadProcessMemory or WriteProcessMemory request was completed. (0x12B)
[0422/203448.864:WARNING:pe_image_reader.cc(340)] could not read dos header from C:\WINDOWS\SYSTEM32\ntdll.dll
[0422/203448.864:ERROR:process_memory_win.cc(73)] ReadMemory at 0x7ffb12740000 of 64 bytes failed: Only part of a ReadProcessMemory or WriteProcessMemory request was completed. (0x12B)
[0422/203448.864:WARNING:pe_image_reader.cc(340)] could not read dos header from C:\WINDOWS\System32\KERNEL32.DLL
[0422/203448.864:ERROR:process_memory_win.cc(73)] ReadMemory at 0x7ffb0ffd0000 of 64 bytes failed: Only part of a ReadProcessMemory or WriteProcessMemory request was completed. (0x12B)
[0422/203448.864:WARNING:pe_image_reader.cc(340)] could not read dos header from C:\WINDOWS\System32\KERNELBASE.dll
[0422/203448.865:ERROR:process_memory_win.cc(73)] ReadMemory at 0x7ffade2b0000 of 64 bytes failed: Only part of a ReadProcessMemory or WriteProcessMemory request was completed. (0x12B)
[0422/203448.865:WARNING:pe_image_reader.cc(340)] could not read dos header from C:\Program Files (x86)\Google\Chrome\Application\80.0.3987.163\chrome_elf.dll
[0422/203448.865:ERROR:process_memory_win.cc(73)] ReadMemory at 0x7ffb0a4c0000 of 64 bytes failed: Only part of a ReadProcessMemory or WriteProcessMemory request was completed. (0x12B)
[0422/203448.865:WARNING:pe_image_reader.cc(340)] could not read dos header from C:\WINDOWS\SYSTEM32\VERSION.dll
[0422/203448.865:ERROR:process_memory_win.cc(73)] ReadMemory at 0x7ffb12120000 of 64 bytes failed: Only part of a ReadProcessMemory or WriteProcessMemory request was completed. (0x12B)
[0422/203448.865:WARNING:pe_image_reader.cc(340)] could not read dos header from C:\WINDOWS\System32\msvcrt.dll
[0422/203448.865:ERROR:process_memory_win.cc(73)] ReadMemory at 0x7ffb10380000 of 64 bytes failed: Only part of a ReadProcessMemory or WriteProcessMemory request was completed. (0x12B)
[0422/203448.865:WARNING:pe_image_reader.cc(340)] could not read dos header from C:\WINDOWS\System32\bcryptPrimitives.dll
[0422/203448.865:ERROR:process_memory_win.cc(73)] ReadMemory at 0x7ffb128d0000 of 64 bytes failed: Only part of a ReadProcessMemory or WriteProcessMemory request was completed. (0x12B)
[0422/203448.865:WARNING:pe_image_reader.cc(340)] could not read dos header from C:\WINDOWS\System32\ADVAPI32.dll
[0422/203448.865:ERROR:process_memory_win.cc(73)] ReadMemory at 0x7ffb12630000 of 64 bytes failed: Only part of a ReadProcessMemory or WriteProcessMemory request was completed. (0x12B)
[0422/203448.865:WARNING:pe_image_reader.cc(340)] could not read dos header from C:\WINDOWS\System32\sechost.dll
[0422/203448.865:ERROR:process_memory_win.cc(73)] ReadMemory at 0x7ffb12a50000 of 64 bytes failed: Only part of a ReadProcessMemory or WriteProcessMemory request was completed. (0x12B)
[0422/203448.865:WARNING:pe_image_reader.cc(340)] could not read dos header from C:\WINDOWS\System32\RPCRT4.dll
[0422/203448.865:ERROR:process_memory_win.cc(73)] ReadMemory at 0x7fface100000 of 64 bytes failed: Only part of a ReadProcessMemory or WriteProcessMemory request was completed. (0x12B)
[0422/203448.865:WARNING:pe_image_reader.cc(340)] could not read dos header from C:\Program Files (x86)\Google\Chrome\Application\80.0.3987.163\chrome.dll
[0422/203448.865:ERROR:process_memory_win.cc(73)] ReadMemory at 0x7ffb126d0000 of 64 bytes failed: Only part of a ReadProcessMemory or WriteProcessMemory request was completed. (0x12B)
[0422/203448.866:WARNING:pe_image_reader.cc(340)] could not read dos header from C:\WINDOWS\System32\WS2_32.dll
[0422/203448.866:ERROR:process_memory_win.cc(73)] ReadMemory at 0x7ffb11070000 of 64 bytes failed: Only part of a ReadProcessMemory or WriteProcessMemory request was completed. (0x12B)
[0422/203448.866:WARNING:pe_image_reader.cc(340)] could not read dos header from C:\WINDOWS\System32\OLEAUT32.dll
[0422/203448.866:ERROR:process_memory_win.cc(73)] ReadMemory at 0x7ffb105a0000 of 64 bytes failed: Only part of a ReadProcessMemory or WriteProcessMemory request was completed. (0x12B)
[0422/203448.866:WARNING:pe_image_reader.cc(340)] could not read dos header from C:\WINDOWS\System32\msvcp_win.dll
[0422/203448.866:ERROR:process_memory_win.cc(73)] ReadMemory at 0x7ffb10280000 of 64 bytes failed: Only part of a ReadProcessMemory or WriteProcessMemory request was completed. (0x12B)
[0422/203448.866:WARNING:pe_image_reader.cc(340)] could not read dos header from C:\WINDOWS\System32\ucrtbase.dll
[0422/203448.866:ERROR:process_memory_win.cc(73)] ReadMemory at 0x7ffb11290000 of 64 bytes failed: Only part of a ReadProcessMemory or WriteProcessMemory request was completed. (0x12B)
[0422/203448.866:WARNING:pe_image_reader.cc(340)] could not read dos header from C:\WINDOWS\System32\combase.dll
[0422/203448.866:ERROR:process_memory_win.cc(73)] ReadMemory at 0x7ffb10e40000 of 64 bytes failed: Only part of a ReadProcessMemory or WriteProcessMemory request was completed. (0x12B)
[0422/203448.866:WARNING:pe_image_reader.cc(340)] could not read dos header from C:\WINDOWS\System32\WINTRUST.dll
[0422/203448.866:ERROR:process_memory_win.cc(73)] ReadMemory at 0x7ffb0fed0000 of 64 bytes failed: Only part of a ReadProcessMemory or WriteProcessMemory request was completed. (0x12B)
[0422/203448.866:WARNING:pe_image_reader.cc(340)] could not read dos header from C:\WINDOWS\System32\MSASN1.dll
[0422/203448.866:ERROR:process_memory_win.cc(73)] ReadMemory at 0x7ffb10ea0000 of 64 bytes failed: Only part of a ReadProcessMemory or WriteProcessMemory request was completed. (0x12B)
[0422/203448.866:WARNING:pe_image_reader.cc(340)] could not read dos header from C:\WINDOWS\System32\CRYPT32.dll
[0422/203448.866:ERROR:process_memory_win.cc(73)] ReadMemory at 0x7ffb0f340000 of 64 bytes failed: Only part of a ReadProcessMemory or WriteProcessMemory request was completed. (0x12B)
[0422/203448.867:WARNING:pe_image_reader.cc(340)] could not read dos header from C:\WINDOWS\SYSTEM32\IPHLPAPI.DLL
[0422/203448.867:ERROR:process_memory_win.cc(73)] ReadMemory at 0x7ffb06870000 of 64 bytes failed: Only part of a ReadProcessMemory or WriteProcessMemory request was completed. (0x12B)
[0422/203448.867:WARNING:pe_image_reader.cc(340)] could not read dos header from C:\WINDOWS\SYSTEM32\WINMM.dll
[0422/203448.867:ERROR:process_memory_win.cc(73)] ReadMemory at 0x7ffb04510000 of 64 bytes failed: Only part of a ReadProcessMemory or WriteProcessMemory request was completed. (0x12B)
[0422/203448.867:WARNING:pe_image_reader.cc(340)] could not read dos header from C:\WINDOWS\SYSTEM32\Secur32.dll
[0422/203448.867:ERROR:process_memory_win.cc(73)] ReadMemory at 0x7ffb0fd40000 of 64 bytes failed: Only part of a ReadProcessMemory or WriteProcessMemory request was completed. (0x12B)
[0422/203448.867:WARNING:pe_image_reader.cc(340)] could not read dos header from C:\WINDOWS\SYSTEM32\USERENV.dll
[0422/203448.867:ERROR:process_memory_win.cc(73)] ReadMemory at 0x7ffb0fea0000 of 64 bytes failed: Only part of a ReadProcessMemory or WriteProcessMemory request was completed. (0x12B)
[0422/203448.867:WARNING:pe_image_reader.cc(340)] could not read dos header from C:\WINDOWS\System32\profapi.dll
[0422/203448.867:ERROR:process_memory_win.cc(73)] ReadMemory at 0x7ffae1ba0000 of 64 bytes failed: Only part of a ReadProcessMemory or WriteProcessMemory request was completed. (0x12B)
[0422/203448.867:WARNING:pe_image_reader.cc(340)] could not read dos header from C:\WINDOWS\SYSTEM32\UIAutomationCore.DLL
[0422/203448.867:ERROR:process_memory_win.cc(73)] ReadMemory at 0x7ffaf95d0000 of 64 bytes failed: Only part of a ReadProcessMemory or WriteProcessMemory request was completed. (0x12B)
[0422/203448.867:WARNING:pe_image_reader.cc(340)] could not read dos header from C:\WINDOWS\SYSTEM32\DWrite.dll
[0422/203448.867:ERROR:process_memory_win.cc(73)] ReadMemory at 0x7ffb09d60000 of 64 bytes failed: Only part of a ReadProcessMemory or WriteProcessMemory request was completed. (0x12B)
[0422/203448.867:WARNING:pe_image_reader.cc(340)] could not read dos header from C:\WINDOWS\SYSTEM32\WINSPOOL.DRV
[0422/203448.867:ERROR:process_memory_win.cc(73)] ReadMemory at 0x7ffb0fe30000 of 64 bytes failed: Only part of a ReadProcessMemory or WriteProcessMemory request was completed. (0x12B)
[0422/203448.867:WARNING:pe_image_reader.cc(340)] could not read dos header from C:\WINDOWS\System32\kernel.appcore.dll
[0422/203448.867:ERROR:process_memory_win.cc(73)] ReadMemory at 0x7ffb0ffa0000 of 64 bytes failed: Only part of a ReadProcessMemory or WriteProcessMemory request was completed. (0x12B)
[0422/203448.868:WARNING:pe_image_reader.cc(340)] could not read dos header from C:\WINDOWS\System32\bcrypt.dll
[0422/203448.868:ERROR:process_memory_win.cc(73)] ReadMemory at 0x7ffb0e9e0000 of 64 bytes failed: Only part of a ReadProcessMemory or WriteProcessMemory request was completed. (0x12B)
[0422/203448.868:WARNING:pe_image_reader.cc(340)] could not read dos header from C:\WINDOWS\SYSTEM32\dbghelp.dll
[0422/203448.868:ERROR:process_memory_win.cc(73)] ReadMemory at 0x7ffb086d0000 of 64 bytes failed: Only part of a ReadProcessMemory or WriteProcessMemory request was completed. (0x12B)
[0422/203448.868:WARNING:pe_image_reader.cc(340)] could not read dos header from C:\WINDOWS\SYSTEM32\WINHTTP.dll
[0422/203448.868:ERROR:process_memory_win.cc(73)] ReadMemory at 0x7ffb09c30000 of 64 bytes failed: Only part of a ReadProcessMemory or WriteProcessMemory request was completed. (0x12B)
[0422/203448.868:WARNING:pe_image_reader.cc(340)] could not read dos header from C:\WINDOWS\SYSTEM32\dhcpcsvc.DLL
[0422/203448.868:ERROR:process_memory_win.cc(73)] ReadMemory at 0x7ffb12060000 of 64 bytes failed: Only part of a ReadProcessMemory or WriteProcessMemory request was completed. (0x12B)
[0422/203448.868:WARNING:pe_image_reader.cc(340)] could not read dos header from C:\WINDOWS\System32\NSI.dll
[0422/203448.868:ERROR:process_memory_win.cc(73)] ReadMemory at 0x7ffb06730000 of 64 bytes failed: Only part of a ReadProcessMemory or WriteProcessMemory request was completed. (0x12B)
[0422/203448.868:WARNING:pe_image_reader.cc(340)] could not read dos header from C:\WINDOWS\SYSTEM32\WINMMBASE.dll
[0422/203448.868:ERROR:process_memory_win.cc(73)] ReadMemory at 0x7ffb10640000 of 64 bytes failed: Only part of a ReadProcessMemory or WriteProcessMemory request was completed. (0x12B)
[0422/203448.868:WARNING:pe_image_reader.cc(340)] could not read dos header from C:\WINDOWS\System32\cfgmgr32.dll
[0422/203448.868:ERROR:process_memory_win.cc(73)] ReadMemory at 0x7ffb0c040000 of 64 bytes failed: Only part of a ReadProcessMemory or WriteProcessMemory request was completed. (0x12B)
[0422/203448.868:WARNING:pe_image_reader.cc(340)] could not read dos header from C:\WINDOWS\SYSTEM32\PROPSYS.dll
[0422/203448.868:ERROR:process_memory_win.cc(73)] ReadMemory at 0x7ffb12070000 of 64 bytes failed: Only part of a ReadProcessMemory or WriteProcessMemory request was completed. (0x12B)
[0422/203448.868:WARNING:pe_image_reader.cc(340)] could not read dos header from C:\WINDOWS\System32\shcore.dll
[0422/203448.868:ERROR:process_memory_win.cc(73)] ReadMemory at 0x7ffb0fd10000 of 64 bytes failed: Only part of a ReadProcessMemory or WriteProcessMemory request was completed. (0x12B)
[0422/203448.869:WARNING:pe_image_reader.cc(340)] could not read dos header from C:\WINDOWS\SYSTEM32\SSPICLI.DLL
[0422/203448.869:ERROR:process_memory_win.cc(73)] ReadMemory at 0x7ffb0f800000 of 64 bytes failed: Only part of a ReadProcessMemory or WriteProcessMemory request was completed. (0x12B)
[0422/203448.869:WARNING:pe_image_reader.cc(340)] could not read dos header from C:\WINDOWS\SYSTEM32\CRYPTBASE.DLL
[0422/203448.869:ERROR:process_memory_win.cc(73)] ReadMemory at 0x7ff6b72b0000 of 64 bytes failed: Only part of a ReadProcessMemory or WriteProcessMemory request was completed. (0x12B)
[0422/203448.869:WARNING:pe_image_reader.cc(340)] could not read dos header from C:\Program Files (x86)\Google\Chrome\Application\chrome.exe
[0422/203448.869:ERROR:process_memory_win.cc(73)] ReadMemory at 0x7ffb12f60000 of 64 bytes failed: Only part of a ReadProcessMemory or WriteProcessMemory request was completed. (0x12B)
[0422/203448.869:WARNING:pe_image_reader.cc(340)] could not read dos header from C:\WINDOWS\SYSTEM32\ntdll.dll
[0422/203448.869:ERROR:process_memory_win.cc(73)] ReadMemory at 0x7ffb12740000 of 64 bytes failed: Only part of a ReadProcessMemory or WriteProcessMemory request was completed. (0x12B)
[0422/203448.869:WARNING:pe_image_reader.cc(340)] could not read dos header from C:\WINDOWS\System32\KERNEL32.DLL
[0422/203448.869:ERROR:process_memory_win.cc(73)] ReadMemory at 0x7ffb0ffd0000 of 64 bytes failed: Only part of a ReadProcessMemory or WriteProcessMemory request was completed. (0x12B)
[0422/203448.869:WARNING:pe_image_reader.cc(340)] could not read dos header from C:\WINDOWS\System32\KERNELBASE.dll
[0422/203448.869:ERROR:process_memory_win.cc(73)] ReadMemory at 0x7ffade2b0000 of 64 bytes failed: Only part of a ReadProcessMemory or WriteProcessMemory request was completed. (0x12B)
[0422/203448.869:WARNING:pe_image_reader.cc(340)] could not read dos header from C:\Program Files (x86)\Google\Chrome\Application\80.0.3987.163\chrome_elf.dll
[0422/203448.869:ERROR:process_memory_win.cc(73)] ReadMemory at 0x7ffb0a4c0000 of 64 bytes failed: Only part of a ReadProcessMemory or WriteProcessMemory request was completed. (0x12B)
[0422/203448.869:WARNING:pe_image_reader.cc(340)] could not read dos header from C:\WINDOWS\SYSTEM32\VERSION.dll
[0422/203448.869:ERROR:process_memory_win.cc(73)] ReadMemory at 0x7ffb12120000 of 64 bytes failed: Only part of a ReadProcessMemory or WriteProcessMemory request was completed. (0x12B)
[0422/203448.869:WARNING:pe_image_reader.cc(340)] could not read dos header from C:\WINDOWS\System32\msvcrt.dll
[0422/203448.869:ERROR:process_memory_win.cc(73)] ReadMemory at 0x7ffb10380000 of 64 bytes failed: Only part of a ReadProcessMemory or WriteProcessMemory request was completed. (0x12B)
[0422/203448.870:WARNING:pe_image_reader.cc(340)] could not read dos header from C:\WINDOWS\System32\bcryptPrimitives.dll
[0422/203448.870:ERROR:process_memory_win.cc(73)] ReadMemory at 0x7ffb128d0000 of 64 bytes failed: Only part of a ReadProcessMemory or WriteProcessMemory request was completed. (0x12B)
[0422/203448.870:WARNING:pe_image_reader.cc(340)] could not read dos header from C:\WINDOWS\System32\ADVAPI32.dll
[0422/203448.870:ERROR:process_memory_win.cc(73)] ReadMemory at 0x7ffb12630000 of 64 bytes failed: Only part of a ReadProcessMemory or WriteProcessMemory request was completed. (0x12B)
[0422/203448.870:WARNING:pe_image_reader.cc(340)] could not read dos header from C:\WINDOWS\System32\sechost.dll
[0422/203448.870:ERROR:process_memory_win.cc(73)] ReadMemory at 0x7ffb12a50000 of 64 bytes failed: Only part of a ReadProcessMemory or WriteProcessMemory request was completed. (0x12B)
[0422/203448.870:WARNING:pe_image_reader.cc(340)] could not read dos header from C:\WINDOWS\System32\RPCRT4.dll
[0422/203448.870:ERROR:process_memory_win.cc(73)] ReadMemory at 0x7fface100000 of 64 bytes failed: Only part of a ReadProcessMemory or WriteProcessMemory request was completed. (0x12B)
[0422/203448.870:WARNING:pe_image_reader.cc(340)] could not read dos header from C:\Program Files (x86)\Google\Chrome\Application\80.0.3987.163\chrome.dll
[0422/203448.870:ERROR:process_memory_win.cc(73)] ReadMemory at 0x7ffb126d0000 of 64 bytes failed: Only part of a ReadProcessMemory or WriteProcessMemory request was completed. (0x12B)
[0422/203448.870:WARNING:pe_image_reader.cc(340)] could not read dos header from C:\WINDOWS\System32\WS2_32.dll
[0422/203448.870:ERROR:process_memory_win.cc(73)] ReadMemory at 0x7ffb11070000 of 64 bytes failed: Only part of a ReadProcessMemory or WriteProcessMemory request was completed. (0x12B)
[0422/203448.870:WARNING:pe_image_reader.cc(340)] could not read dos header from C:\WINDOWS\System32\OLEAUT32.dll
[0422/203448.870:ERROR:process_memory_win.cc(73)] ReadMemory at 0x7ffb105a0000 of 64 bytes failed: Only part of a ReadProcessMemory or WriteProcessMemory request was completed. (0x12B)
[0422/203448.870:WARNING:pe_image_reader.cc(340)] could not read dos header from C:\WINDOWS\System32\msvcp_win.dll
[0422/203448.870:ERROR:process_memory_win.cc(73)] ReadMemory at 0x7ffb10280000 of 64 bytes failed: Only part of a ReadProcessMemory or WriteProcessMemory request was completed. (0x12B)
[0422/203448.870:WARNING:pe_image_reader.cc(340)] could not read dos header from C:\WINDOWS\System32\ucrtbase.dll
[0422/203448.870:ERROR:process_memory_win.cc(73)] ReadMemory at 0x7ffb11290000 of 64 bytes failed: Only part of a ReadProcessMemory or WriteProcessMemory request was completed. (0x12B)
[0422/203448.871:WARNING:pe_image_reader.cc(340)] could not read dos header from C:\WINDOWS\System32\combase.dll
[0422/203448.871:ERROR:process_memory_win.cc(73)] ReadMemory at 0x7ffb10e40000 of 64 bytes failed: Only part of a ReadProcessMemory or WriteProcessMemory request was completed. (0x12B)
[0422/203448.871:WARNING:pe_image_reader.cc(340)] could not read dos header from C:\WINDOWS\System32\WINTRUST.dll
[0422/203448.871:ERROR:process_memory_win.cc(73)] ReadMemory at 0x7ffb0fed0000 of 64 bytes failed: Only part of a ReadProcessMemory or WriteProcessMemory request was completed. (0x12B)
[0422/203448.871:WARNING:pe_image_reader.cc(340)] could not read dos header from C:\WINDOWS\System32\MSASN1.dll
[0422/203448.871:ERROR:process_memory_win.cc(73)] ReadMemory at 0x7ffb10ea0000 of 64 bytes failed: Only part of a ReadProcessMemory or WriteProcessMemory request was completed. (0x12B)
[0422/203448.871:WARNING:pe_image_reader.cc(340)] could not read dos header from C:\WINDOWS\System32\CRYPT32.dll
[0422/203448.871:ERROR:process_memory_win.cc(73)] ReadMemory at 0x7ffb0f340000 of 64 bytes failed: Only part of a ReadProcessMemory or WriteProcessMemory request was completed. (0x12B)
[0422/203448.871:WARNING:pe_image_reader.cc(340)] could not read dos header from C:\WINDOWS\SYSTEM32\IPHLPAPI.DLL
[0422/203448.871:ERROR:process_memory_win.cc(73)] ReadMemory at 0x7ffb06870000 of 64 bytes failed: Only part of a ReadProcessMemory or WriteProcessMemory request was completed. (0x12B)
[0422/203448.871:WARNING:pe_image_reader.cc(340)] could not read dos header from C:\WINDOWS\SYSTEM32\WINMM.dll
[0422/203448.871:ERROR:process_memory_win.cc(73)] ReadMemory at 0x7ffb04510000 of 64 bytes failed: Only part of a ReadProcessMemory or WriteProcessMemory request was completed. (0x12B)
[0422/203448.871:WARNING:pe_image_reader.cc(340)] could not read dos header from C:\WINDOWS\SYSTEM32\Secur32.dll
[0422/203448.871:ERROR:process_memory_win.cc(73)] ReadMemory at 0x7ffb0fd40000 of 64 bytes failed: Only part of a ReadProcessMemory or WriteProcessMemory request was completed. (0x12B)
[0422/203448.871:WARNING:pe_image_reader.cc(340)] could not read dos header from C:\WINDOWS\SYSTEM32\USERENV.dll
[0422/203448.871:ERROR:process_memory_win.cc(73)] ReadMemory at 0x7ffb0fea0000 of 64 bytes failed: Only part of a ReadProcessMemory or WriteProcessMemory request was completed. (0x12B)
[0422/203448.871:WARNING:pe_image_reader.cc(340)] could not read dos header from C:\WINDOWS\System32\profapi.dll
[0422/203448.871:ERROR:process_memory_win.cc(73)] ReadMemory at 0x7ffae1ba0000 of 64 bytes failed: Only part of a ReadProcessMemory or WriteProcessMemory request was completed. (0x12B)
[0422/203448.871:WARNING:pe_image_reader.cc(340)] could not read dos header from C:\WINDOWS\SYSTEM32\UIAutomationCore.DLL
[0422/203448.871:ERROR:process_memory_win.cc(73)] ReadMemory at 0x7ffaf95d0000 of 64 bytes failed: Only part of a ReadProcessMemory or WriteProcessMemory request was completed. (0x12B)
[0422/203448.872:WARNING:pe_image_reader.cc(340)] could not read dos header from C:\WINDOWS\SYSTEM32\DWrite.dll
[0422/203448.872:ERROR:process_memory_win.cc(73)] ReadMemory at 0x7ffb09d60000 of 64 bytes failed: Only part of a ReadProcessMemory or WriteProcessMemory request was completed. (0x12B)
[0422/203448.872:WARNING:pe_image_reader.cc(340)] could not read dos header from C:\WINDOWS\SYSTEM32\WINSPOOL.DRV
[0422/203448.872:ERROR:process_memory_win.cc(73)] ReadMemory at 0x7ffb0fe30000 of 64 bytes failed: Only part of a ReadProcessMemory or WriteProcessMemory request was completed. (0x12B)
[0422/203448.872:WARNING:pe_image_reader.cc(340)] could not read dos header from C:\WINDOWS\System32\kernel.appcore.dll
[0422/203448.872:ERROR:process_memory_win.cc(73)] ReadMemory at 0x7ffb0ffa0000 of 64 bytes failed: Only part of a ReadProcessMemory or WriteProcessMemory request was completed. (0x12B)
[0422/203448.872:WARNING:pe_image_reader.cc(340)] could not read dos header from C:\WINDOWS\System32\bcrypt.dll
[0422/203448.872:ERROR:process_memory_win.cc(73)] ReadMemory at 0x7ffb0e9e0000 of 64 bytes failed: Only part of a ReadProcessMemory or WriteProcessMemory request was completed. (0x12B)
[0422/203448.872:WARNING:pe_image_reader.cc(340)] could not read dos header from C:\WINDOWS\SYSTEM32\dbghelp.dll
[0422/203448.872:ERROR:process_memory_win.cc(73)] ReadMemory at 0x7ffb086d0000 of 64 bytes failed: Only part of a ReadProcessMemory or WriteProcessMemory request was completed. (0x12B)
[0422/203448.872:WARNING:pe_image_reader.cc(340)] could not read dos header from C:\WINDOWS\SYSTEM32\WINHTTP.dll
[0422/203448.872:ERROR:process_memory_win.cc(73)] ReadMemory at 0x7ffb09c30000 of 64 bytes failed: Only part of a ReadProcessMemory or WriteProcessMemory request was completed. (0x12B)
[0422/203448.872:WARNING:pe_image_reader.cc(340)] could not read dos header from C:\WINDOWS\SYSTEM32\dhcpcsvc.DLL
[0422/203448.872:ERROR:process_memory_win.cc(73)] ReadMemory at 0x7ffb12060000 of 64 bytes failed: Only part of a ReadProcessMemory or WriteProcessMemory request was completed. (0x12B)
[0422/203448.872:WARNING:pe_image_reader.cc(340)] could not read dos header from C:\WINDOWS\System32\NSI.dll
[0422/203448.872:ERROR:process_memory_win.cc(73)] ReadMemory at 0x7ffb06730000 of 64 bytes failed: Only part of a ReadProcessMemory or WriteProcessMemory request was completed. (0x12B)
[0422/203448.872:WARNING:pe_image_reader.cc(340)] could not read dos header from C:\WINDOWS\SYSTEM32\WINMMBASE.dll
[0422/203448.872:ERROR:process_memory_win.cc(73)] ReadMemory at 0x7ffb10640000 of 64 bytes failed: Only part of a ReadProcessMemory or WriteProcessMemory request was completed. (0x12B)
[0422/203448.873:WARNING:pe_image_reader.cc(340)] could not read dos header from C:\WINDOWS\System32\cfgmgr32.dll
[0422/203448.873:ERROR:process_memory_win.cc(73)] ReadMemory at 0x7ffb0c040000 of 64 bytes failed: Only part of a ReadProcessMemory or WriteProcessMemory request was completed. (0x12B)
[0422/203448.873:WARNING:pe_image_reader.cc(340)] could not read dos header from C:\WINDOWS\SYSTEM32\PROPSYS.dll
[0422/203448.873:ERROR:process_memory_win.cc(73)] ReadMemory at 0x7ffb12070000 of 64 bytes failed: Only part of a ReadProcessMemory or WriteProcessMemory request was completed. (0x12B)
[0422/203448.873:WARNING:pe_image_reader.cc(340)] could not read dos header from C:\WINDOWS\System32\shcore.dll
[0422/203448.873:ERROR:process_memory_win.cc(73)] ReadMemory at 0x7ffb0fd10000 of 64 bytes failed: Only part of a ReadProcessMemory or WriteProcessMemory request was completed. (0x12B)
[0422/203448.873:WARNING:pe_image_reader.cc(340)] could not read dos header from C:\WINDOWS\SYSTEM32\SSPICLI.DLL
[0422/203448.873:ERROR:process_memory_win.cc(73)] ReadMemory at 0x7ffb0f800000 of 64 bytes failed: Only part of a ReadProcessMemory or WriteProcessMemory request was completed. (0x12B)
[0422/203448.873:WARNING:pe_image_reader.cc(340)] could not read dos header from C:\WINDOWS\SYSTEM32\CRYPTBASE.DLL
[0422/203448.887:ERROR:process_memory_win.cc(73)] ReadMemory at 0x31dff5000 of 45056 bytes failed: Only part of a ReadProcessMemory or WriteProcessMemory request was completed. (0x12B)
[0422/203448.887:ERROR:process_memory_win.cc(73)] ReadMemory at 0x31e7fd000 of 12288 bytes failed: Only part of a ReadProcessMemory or WriteProcessMemory request was completed. (0x12B)
[0422/203448.887:ERROR:process_memory_win.cc(73)] ReadMemory at 0x31eff8000 of 32768 bytes failed: Only part of a ReadProcessMemory or WriteProcessMemory request was completed. (0x12B)
[0422/203448.887:ERROR:process_memory_win.cc(73)] ReadMemory at 0x31f7fc000 of 16384 bytes failed: Only part of a ReadProcessMemory or WriteProcessMemory request was completed. (0x12B)
[0422/203448.887:ERROR:process_memory_win.cc(73)] ReadMemory at 0x31fffc000 of 16384 bytes failed: Only part of a ReadProcessMemory or WriteProcessMemory request was completed. (0x12B)
[0422/203448.888:ERROR:process_memory_win.cc(73)] ReadMemory at 0x3207fe000 of 8192 bytes failed: Only part of a ReadProcessMemory or WriteProcessMemory request was completed. (0x12B)
[0422/203448.888:ERROR:process_memory_win.cc(73)] ReadMemory at 0x320ffd000 of 12288 bytes failed: Only part of a ReadProcessMemory or WriteProcessMemory request was completed. (0x12B)
[0422/203448.888:ERROR:process_memory_win.cc(73)] ReadMemory at 0x3217fb000 of 20480 bytes failed: Only part of a ReadProcessMemory or WriteProcessMemory request was completed. (0x12B)
[0422/203448.888:ERROR:process_memory_win.cc(73)] ReadMemory at 0x321ffd000 of 12288 bytes failed: Only part of a ReadProcessMemory or WriteProcessMemory request was completed. (0x12B)
[0422/203448.888:ERROR:process_memory_win.cc(73)] ReadMemory at 0x3227fd000 of 12288 bytes failed: Only part of a ReadProcessMemory or WriteProcessMemory request was completed. (0x12B)
[0422/203448.888:ERROR:process_memory_win.cc(73)] ReadMemory at 0x322ff8000 of 32768 bytes failed: Only part of a ReadProcessMemory or WriteProcessMemory request was completed. (0x12B)
[0422/203448.888:ERROR:process_memory_win.cc(73)] ReadMemory at 0x3237fd000 of 12288 bytes failed: Only part of a ReadProcessMemory or WriteProcessMemory request was completed. (0x12B)
[0422/203448.888:ERROR:process_memory_win.cc(73)] ReadMemory at 0x323ffd000 of 12288 bytes failed: Only part of a ReadProcessMemory or WriteProcessMemory request was completed. (0x12B)
[0422/203448.889:ERROR:process_memory_win.cc(73)] ReadMemory at 0x3247fd000 of 12288 bytes failed: Only part of a ReadProcessMemory or WriteProcessMemory request was completed. (0x12B)
[0422/203448.889:ERROR:process_memory_win.cc(73)] ReadMemory at 0x3257f9000 of 28672 bytes failed: Only part of a ReadProcessMemory or WriteProcessMemory request was completed. (0x12B)
[0422/203448.889:ERROR:process_memory_win.cc(73)] ReadMemory at 0x325ffd000 of 12288 bytes failed: Only part of a ReadProcessMemory or WriteProcessMemory request was completed. (0x12B)
[0422/203448.889:ERROR:process_memory_win.cc(73)] ReadMemory at 0x3267fd000 of 12288 bytes failed: Only part of a ReadProcessMemory or WriteProcessMemory request was completed. (0x12B)
[0422/203448.889:ERROR:process_memory_win.cc(73)] ReadMemory at 0x324ffd000 of 12288 bytes failed: Only part of a ReadProcessMemory or WriteProcessMemory request was completed. (0x12B)
[0422/203448.889:ERROR:process_memory_win.cc(73)] ReadMemory at 0x326ffd000 of 12288 bytes failed: Only part of a ReadProcessMemory or WriteProcessMemory request was completed. (0x12B)
[0422/203448.889:ERROR:process_memory_win.cc(73)] ReadMemory at 0x3277fe000 of 8192 bytes failed: Only part of a ReadProcessMemory or WriteProcessMemory request was completed. (0x12B)
[0422/203448.889:ERROR:process_memory_win.cc(73)] ReadMemory at 0x31d61d000 of 852 bytes failed: Only part of a ReadProcessMemory or WriteProcessMemory request was completed. (0x12B)
[0422/203448.889:ERROR:process_memory_win.cc(73)] ReadMemory at 0x31d61e000 of 6024 bytes failed: Only part of a ReadProcessMemory or WriteProcessMemory request was completed. (0x12B)
[0422/203448.890:ERROR:process_memory_win.cc(73)] ReadMemory at 0x31d620000 of 6024 bytes failed: Only part of a ReadProcessMemory or WriteProcessMemory request was completed. (0x12B)
[0422/203448.890:ERROR:process_memory_win.cc(73)] ReadMemory at 0x31d622000 of 6024 bytes failed: Only part of a ReadProcessMemory or WriteProcessMemory request was completed. (0x12B)
[0422/203448.890:ERROR:process_memory_win.cc(73)] ReadMemory at 0x31d624000 of 6024 bytes failed: Only part of a ReadProcessMemory or WriteProcessMemory request was completed. (0x12B)
[0422/203448.890:ERROR:process_memory_win.cc(73)] ReadMemory at 0x31d626000 of 6024 bytes failed: Only part of a ReadProcessMemory or WriteProcessMemory request was completed. (0x12B)
[0422/203448.890:ERROR:process_memory_win.cc(73)] ReadMemory at 0x31d628000 of 6024 bytes failed: Only part of a ReadProcessMemory or WriteProcessMemory request was completed. (0x12B)
[0422/203448.890:ERROR:process_memory_win.cc(73)] ReadMemory at 0x31d62a000 of 6024 bytes failed: Only part of a ReadProcessMemory or WriteProcessMemory request was completed. (0x12B)
[0422/203448.890:ERROR:process_memory_win.cc(73)] ReadMemory at 0x31d62c000 of 6024 bytes failed: Only part of a ReadProcessMemory or WriteProcessMemory request was completed. (0x12B)
[0422/203448.890:ERROR:process_memory_win.cc(73)] ReadMemory at 0x31d62e000 of 6024 bytes failed: Only part of a ReadProcessMemory or WriteProcessMemory request was completed. (0x12B)
[0422/203448.890:ERROR:process_memory_win.cc(73)] ReadMemory at 0x31d630000 of 6024 bytes failed: Only part of a ReadProcessMemory or WriteProcessMemory request was completed. (0x12B)
[0422/203448.890:ERROR:process_memory_win.cc(73)] ReadMemory at 0x31d632000 of 6024 bytes failed: Only part of a ReadProcessMemory or WriteProcessMemory request was completed. (0x12B)
[0422/203448.891:ERROR:process_memory_win.cc(73)] ReadMemory at 0x31d634000 of 6024 bytes failed: Only part of a ReadProcessMemory or WriteProcessMemory request was completed. (0x12B)
[0422/203448.891:ERROR:process_memory_win.cc(73)] ReadMemory at 0x31d636000 of 6024 bytes failed: Only part of a ReadProcessMemory or WriteProcessMemory request was completed. (0x12B)
[0422/203448.891:ERROR:process_memory_win.cc(73)] ReadMemory at 0x31d638000 of 6024 bytes failed: Only part of a ReadProcessMemory or WriteProcessMemory request was completed. (0x12B)
[0422/203448.891:ERROR:process_memory_win.cc(73)] ReadMemory at 0x31d63c000 of 6024 bytes failed: Only part of a ReadProcessMemory or WriteProcessMemory request was completed. (0x12B)
[0422/203448.891:ERROR:process_memory_win.cc(73)] ReadMemory at 0x31d63e000 of 6024 bytes failed: Only part of a ReadProcessMemory or WriteProcessMemory request was completed. (0x12B)
[0422/203448.891:ERROR:process_memory_win.cc(73)] ReadMemory at 0x31d640000 of 6024 bytes failed: Only part of a ReadProcessMemory or WriteProcessMemory request was completed. (0x12B)
[0422/203448.891:ERROR:process_memory_win.cc(73)] ReadMemory at 0x31d642000 of 6024 bytes failed: Only part of a ReadProcessMemory or WriteProcessMemory request was completed. (0x12B)
[0422/203448.891:ERROR:process_memory_win.cc(73)] ReadMemory at 0x31d646000 of 6024 bytes failed: Only part of a ReadProcessMemory or WriteProcessMemory request was completed. (0x12B)
[0422/203448.891:ERROR:process_memory_win.cc(73)] ReadMemory at 0x31d648000 of 6024 bytes failed: Only part of a ReadProcessMemory or WriteProcessMemory request was completed. (0x12B)
[0422/203448.891:ERROR:process_memory_win.cc(73)] ReadMemory at 0x190ca190750 of 80 bytes failed: Only part of a ReadProcessMemory or WriteProcessMemory request was completed. (0x12B)
[0422/203448.892:ERROR:process_memory_win.cc(73)] ReadMemory at 0x190ca190fe0 of 25848 bytes failed: Only part of a ReadProcessMemory or WriteProcessMemory request was completed. (0x12B)
[0422/203448.892:ERROR:process_memory_win.cc(73)] ReadMemory at 0x190ca1974e0 of 1012 bytes failed: Only part of a ReadProcessMemory or WriteProcessMemory request was completed. (0x12B)
[0422/203448.892:ERROR:process_memory_win.cc(73)] ReadMemory at 0x190ca197b28 of 118 bytes failed: Only part of a ReadProcessMemory or WriteProcessMemory request was completed. (0x12B)
[0422/203448.892:ERROR:process_memory_win.cc(73)] ReadMemory at 0x190ca197ba0 of 1038 bytes failed: Only part of a ReadProcessMemory or WriteProcessMemory request was completed. (0x12B)
[0422/203448.892:ERROR:process_memory_win.cc(73)] ReadMemory at 0x190ca197fb0 of 118 bytes failed: Only part of a ReadProcessMemory or WriteProcessMemory request was completed. (0x12B)
[0422/203448.956:ERROR:process_memory_win.cc(73)] ReadMemory at 0x190ca198028 of 96 bytes failed: Only part of a ReadProcessMemory or WriteProcessMemory request was completed. (0x12B)
[0422/203448.956:ERROR:process_memory_win.cc(73)] ReadMemory at 0x190ca1980a0 of 58 bytes failed: Only part of a ReadProcessMemory or WriteProcessMemory request was completed. (0x12B)
[0422/203449.014:ERROR:process_memory_win.cc(73)] ReadMemory at 0x190ca1981a0 of 132 bytes failed: Only part of a ReadProcessMemory or WriteProcessMemory request was completed. (0x12B)
[0422/203449.029:ERROR:process_memory_win.cc(73)] ReadMemory at 0x190ca198330 of 132 bytes failed: Only part of a ReadProcessMemory or WriteProcessMemory request was completed. (0x12B)
[0422/203449.112:ERROR:process_memory_win.cc(73)] ReadMemory at 0x190ca1984f0 of 126 bytes failed: Only part of a ReadProcessMemory or WriteProcessMemory request was completed. (0x12B)
[0422/203449.112:ERROR:process_memory_win.cc(73)] ReadMemory at 0x190ca1988d0 of 132 bytes failed: Only part of a ReadProcessMemory or WriteProcessMemory request was completed. (0x12B)
[0422/203449.112:ERROR:process_memory_win.cc(73)] ReadMemory at 0x190ca198a60 of 64 bytes failed: Only part of a ReadProcessMemory or WriteProcessMemory request was completed. (0x12B)
[0422/203449.112:ERROR:process_memory_win.cc(73)] ReadMemory at 0x190ca198ab0 of 132 bytes failed: Only part of a ReadProcessMemory or WriteProcessMemory request was completed. (0x12B)
[0422/203449.113:ERROR:process_memory_win.cc(73)] ReadMemory at 0x190ca198c20 of 132 bytes failed: Only part of a ReadProcessMemory or WriteProcessMemory request was completed. (0x12B)
[0422/203449.113:ERROR:process_memory_win.cc(73)] ReadMemory at 0x190ca198ec0 of 132 bytes failed: Only part of a ReadProcessMemory or WriteProcessMemory request was completed. (0x12B)
[0422/203449.113:ERROR:process_memory_win.cc(73)] ReadMemory at 0x190ca199050 of 68 bytes failed: Only part of a ReadProcessMemory or WriteProcessMemory request was completed. (0x12B)
[0422/203449.113:ERROR:process_memory_win.cc(73)] ReadMemory at 0x190ca19a1a0 of 132 bytes failed: Only part of a ReadProcessMemory or WriteProcessMemory request was completed. (0x12B)
[0422/203449.113:ERROR:process_memory_win.cc(73)] ReadMemory at 0x190ca19a330 of 154 bytes failed: Only part of a ReadProcessMemory or WriteProcessMemory request was completed. (0x12B)
[0422/203449.113:ERROR:process_memory_win.cc(73)] ReadMemory at 0x190ca19b070 of 60 bytes failed: Only part of a ReadProcessMemory or WriteProcessMemory request was completed. (0x12B)
[0422/203449.113:ERROR:process_memory_win.cc(73)] ReadMemory at 0x190ca19b650 of 132 bytes failed: Only part of a ReadProcessMemory or WriteProcessMemory request was completed. (0x12B)
[0422/203449.113:ERROR:process_memory_win.cc(73)] ReadMemory at 0x190ca19b9b0 of 132 bytes failed: Only part of a ReadProcessMemory or WriteProcessMemory request was completed. (0x12B)
[0422/203449.113:ERROR:process_memory_win.cc(73)] ReadMemory at 0x190ca19bbc0 of 132 bytes failed: Only part of a ReadProcessMemory or WriteProcessMemory request was completed. (0x12B)
[0422/203449.114:ERROR:process_memory_win.cc(73)] ReadMemory at 0x190ca19ccb0 of 62 bytes failed: Only part of a ReadProcessMemory or WriteProcessMemory request was completed. (0x12B)
[0422/203449.114:ERROR:process_memory_win.cc(73)] ReadMemory at 0x190ca19cd30 of 146 bytes failed: Only part of a ReadProcessMemory or WriteProcessMemory request was completed. (0x12B)
[0422/203449.114:ERROR:process_memory_win.cc(73)] ReadMemory at 0x190ca19ce10 of 132 bytes failed: Only part of a ReadProcessMemory or WriteProcessMemory request was completed. (0x12B)
[0422/203449.114:ERROR:process_memory_win.cc(73)] ReadMemory at 0x190ca19d3b0 of 132 bytes failed: Only part of a ReadProcessMemory or WriteProcessMemory request was completed. (0x12B)
[0422/203449.179:ERROR:process_memory_win.cc(73)] ReadMemory at 0x190ca19d600 of 132 bytes failed: Only part of a ReadProcessMemory or WriteProcessMemory request was completed. (0x12B)
[0422/203449.179:ERROR:process_memory_win.cc(73)] ReadMemory at 0x190ca19feb0 of 132 bytes failed: Only part of a ReadProcessMemory or WriteProcessMemory request was completed. (0x12B)
[0422/203449.179:ERROR:process_memory_win.cc(73)] ReadMemory at 0x190ca1a0640 of 60 bytes failed: Only part of a ReadProcessMemory or WriteProcessMemory request was completed. (0x12B)
[0422/203449.179:ERROR:process_memory_win.cc(73)] ReadMemory at 0x190ca1a0690 of 64 bytes failed: Only part of a ReadProcessMemory or WriteProcessMemory request was completed. (0x12B)
[0422/203449.180:ERROR:process_memory_win.cc(73)] ReadMemory at 0x190ca1a06e0 of 66 bytes failed: Only part of a ReadProcessMemory or WriteProcessMemory request was completed. (0x12B)
[0422/203449.180:ERROR:process_memory_win.cc(73)] ReadMemory at 0x190ca1a0780 of 64 bytes failed: Only part of a ReadProcessMemory or WriteProcessMemory request was completed. (0x12B)
[0422/203449.180:ERROR:process_memory_win.cc(73)] ReadMemory at 0x190ca1a07d0 of 62 bytes failed: Only part of a ReadProcessMemory or WriteProcessMemory request was completed. (0x12B)
[0422/203449.181:ERROR:process_memory_win.cc(73)] ReadMemory at 0x190ca1a0870 of 64 bytes failed: Only part of a ReadProcessMemory or WriteProcessMemory request was completed. (0x12B)
[0422/203449.181:ERROR:process_memory_win.cc(73)] ReadMemory at 0x190ca1a08c0 of 64 bytes failed: Only part of a ReadProcessMemory or WriteProcessMemory request was completed. (0x12B)
[0422/203449.181:ERROR:process_memory_win.cc(73)] ReadMemory at 0x190ca1a09b0 of 60 bytes failed: Only part of a ReadProcessMemory or WriteProcessMemory request was completed. (0x12B)
[0422/203449.181:ERROR:process_memory_win.cc(73)] ReadMemory at 0x190ca1a0af0 of 62 bytes failed: Only part of a ReadProcessMemory or WriteProcessMemory request was completed. (0x12B)
[0422/203449.181:ERROR:process_memory_win.cc(73)] ReadMemory at 0x190ca1a0e10 of 54 bytes failed: Only part of a ReadProcessMemory or WriteProcessMemory request was completed. (0x12B)
[0422/203449.181:ERROR:process_memory_win.cc(73)] ReadMemory at 0x190ca1a3b40 of 132 bytes failed: Only part of a ReadProcessMemory or WriteProcessMemory request was completed. (0x12B)
[0422/203449.181:ERROR:process_memory_win.cc(73)] ReadMemory at 0x190ca1a3c70 of 132 bytes failed: Only part of a ReadProcessMemory or WriteProcessMemory request was completed. (0x12B)
[0422/203449.181:ERROR:process_memory_win.cc(73)] ReadMemory at 0x190ca1a3da0 of 132 bytes failed: Only part of a ReadProcessMemory or WriteProcessMemory request was completed. (0x12B)
[0422/203449.181:ERROR:process_memory_win.cc(73)] ReadMemory at 0x190ca1a3ed0 of 132 bytes failed: Only part of a ReadProcessMemory or WriteProcessMemory request was completed. (0x12B)
[0422/203449.181:ERROR:process_memory_win.cc(73)] ReadMemory at 0x190ca1a4000 of 132 bytes failed: Only part of a ReadProcessMemory or WriteProcessMemory request was completed. (0x12B)
[0422/203449.181:ERROR:process_memory_win.cc(73)] ReadMemory at 0x190ca1a4260 of 132 bytes failed: Only part of a ReadProcessMemory or WriteProcessMemory request was completed. (0x12B)
[0422/203449.182:ERROR:process_memory_win.cc(73)] ReadMemory at 0x190ca1a4390 of 132 bytes failed: Only part of a ReadProcessMemory or WriteProcessMemory request was completed. (0x12B)
[0422/203449.182:ERROR:process_memory_win.cc(73)] ReadMemory at 0x190ca1a44c0 of 132 bytes failed: Only part of a ReadProcessMemory or WriteProcessMemory request was completed. (0x12B)
[0422/203449.182:ERROR:process_memory_win.cc(73)] ReadMemory at 0x190ca1a45f0 of 132 bytes failed: Only part of a ReadProcessMemory or WriteProcessMemory request was completed. (0x12B)
[0422/203449.182:ERROR:process_memory_win.cc(73)] ReadMemory at 0x190ca1a4720 of 132 bytes failed: Only part of a ReadProcessMemory or WriteProcessMemory request was completed. (0x12B)
[0422/203449.182:ERROR:process_memory_win.cc(73)] ReadMemory at 0x190ca1a4850 of 132 bytes failed: Only part of a ReadProcessMemory or WriteProcessMemory request was completed. (0x12B)
[0422/203449.182:ERROR:process_memory_win.cc(73)] ReadMemory at 0x190ca1a4980 of 132 bytes failed: Only part of a ReadProcessMemory or WriteProcessMemory request was completed. (0x12B)
[0422/203449.182:ERROR:process_memory_win.cc(73)] ReadMemory at 0x190ca1a5450 of 80 bytes failed: Only part of a ReadProcessMemory or WriteProcessMemory request was completed. (0x12B)
[0422/203449.182:ERROR:process_memory_win.cc(73)] ReadMemory at 0x190ca1a5510 of 76 bytes failed: Only part of a ReadProcessMemory or WriteProcessMemory request was completed. (0x12B)
[0422/203449.182:ERROR:process_memory_win.cc(73)] ReadMemory at 0x190ca1a67b0 of 132 bytes failed: Only part of a ReadProcessMemory or WriteProcessMemory request was completed. (0x12B)
[0422/203449.182:ERROR:process_memory_win.cc(73)] ReadMemory at 0x190ca1aa210 of 62 bytes failed: Only part of a ReadProcessMemory or WriteProcessMemory request was completed. (0x12B)
[0422/203449.183:ERROR:process_memory_win.cc(73)] ReadMemory at 0x190ca1aa2b0 of 64 bytes failed: Only part of a ReadProcessMemory or WriteProcessMemory request was completed. (0x12B)
[0422/203449.183:ERROR:process_memory_win.cc(73)] ReadMemory at 0x190ca1aa350 of 62 bytes failed: Only part of a ReadProcessMemory or WriteProcessMemory request was completed. (0x12B)
[0422/203449.183:ERROR:process_memory_win.cc(73)] ReadMemory at 0x190ca1aa440 of 62 bytes failed: Only part of a ReadProcessMemory or WriteProcessMemory request was completed. (0x12B)
[0422/203449.275:ERROR:process_memory_win.cc(73)] ReadMemory at 0x190ca1aa4e0 of 60 bytes failed: Only part of a ReadProcessMemory or WriteProcessMemory request was completed. (0x12B)
[0422/203449.276:ERROR:process_memory_win.cc(73)] ReadMemory at 0x190ca1aa710 of 62 bytes failed: Only part of a ReadProcessMemory or WriteProcessMemory request was completed. (0x12B)
[0422/203449.276:ERROR:process_memory_win.cc(73)] ReadMemory at 0x190ca1aa8a0 of 64 bytes failed: Only part of a ReadProcessMemory or WriteProcessMemory request was completed. (0x12B)
[0422/203449.276:ERROR:process_memory_win.cc(73)] ReadMemory at 0x190ca1aaa80 of 58 bytes failed: Only part of a ReadProcessMemory or WriteProcessMemory request was completed. (0x12B)
[0422/203449.276:ERROR:process_memory_win.cc(73)] ReadMemory at 0x190ca1aab20 of 62 bytes failed: Only part of a ReadProcessMemory or WriteProcessMemory request was completed. (0x12B)
[0422/203449.276:ERROR:process_memory_win.cc(73)] ReadMemory at 0x190ca1aab70 of 60 bytes failed: Only part of a ReadProcessMemory or WriteProcessMemory request was completed. (0x12B)
[0422/203449.276:ERROR:process_memory_win.cc(73)] ReadMemory at 0x190ca1aad00 of 62 bytes failed: Only part of a ReadProcessMemory or WriteProcessMemory request was completed. (0x12B)
[0422/203449.276:ERROR:process_memory_win.cc(73)] ReadMemory at 0x190ca1aad50 of 64 bytes failed: Only part of a ReadProcessMemory or WriteProcessMemory request was completed. (0x12B)
[0422/203449.276:ERROR:process_memory_win.cc(73)] ReadMemory at 0x190ca1aada0 of 66 bytes failed: Only part of a ReadProcessMemory or WriteProcessMemory request was completed. (0x12B)
[0422/203449.277:ERROR:process_memory_win.cc(73)] ReadMemory at 0x190ca1aae40 of 62 bytes failed: Only part of a ReadProcessMemory or WriteProcessMemory request was completed. (0x12B)
[0422/203449.277:ERROR:process_memory_win.cc(73)] ReadMemory at 0x190ca1aaf30 of 60 bytes failed: Only part of a ReadProcessMemory or WriteProcessMemory request was completed. (0x12B)
[0422/203449.277:ERROR:process_memory_win.cc(73)] ReadMemory at 0x190ca1aafd0 of 60 bytes failed: Only part of a ReadProcessMemory or WriteProcessMemory request was completed. (0x12B)
[0422/203449.277:ERROR:process_memory_win.cc(73)] ReadMemory at 0x190ca1ab020 of 64 bytes failed: Only part of a ReadProcessMemory or WriteProcessMemory request was completed. (0x12B)
[0422/203449.277:ERROR:process_memory_win.cc(73)] ReadMemory at 0x190ca1ab0c0 of 62 bytes failed: Only part of a ReadProcessMemory or WriteProcessMemory request was completed. (0x12B)
[0422/203449.277:ERROR:process_memory_win.cc(73)] ReadMemory at 0x190ca1ab350 of 132 bytes failed: Only part of a ReadProcessMemory or WriteProcessMemory request was completed. (0x12B)
[0422/203449.277:ERROR:process_memory_win.cc(73)] ReadMemory at 0x190ca1ab480 of 132 bytes failed: Only part of a ReadProcessMemory or WriteProcessMemory request was completed. (0x12B)
[0422/203449.277:ERROR:process_memory_win.cc(73)] ReadMemory at 0x190ca1ab6e0 of 132 bytes failed: Only part of a ReadProcessMemory or WriteProcessMemory request was completed. (0x12B)
[0422/203449.277:ERROR:process_memory_win.cc(73)] ReadMemory at 0x190ca1ab940 of 132 bytes failed: Only part of a ReadProcessMemory or WriteProcessMemory request was completed. (0x12B)
[0422/203449.277:ERROR:process_memory_win.cc(73)] ReadMemory at 0x190ca1aba70 of 132 bytes failed: Only part of a ReadProcessMemory or WriteProcessMemory request was completed. (0x12B)
[0422/203449.277:ERROR:process_memory_win.cc(73)] ReadMemory at 0x190ca1abba0 of 132 bytes failed: Only part of a ReadProcessMemory or WriteProcessMemory request was completed. (0x12B)
[0422/203449.277:ERROR:process_memory_win.cc(73)] ReadMemory at 0x190ca1abcd0 of 132 bytes failed: Only part of a ReadProcessMemory or WriteProcessMemory request was completed. (0x12B)
[0422/203449.278:ERROR:process_memory_win.cc(73)] ReadMemory at 0x190ca1ac2c0 of 132 bytes failed: Only part of a ReadProcessMemory or WriteProcessMemory request was completed. (0x12B)
[0422/203449.278:ERROR:process_memory_win.cc(73)] ReadMemory at 0x190ca1ac780 of 132 bytes failed: Only part of a ReadProcessMemory or WriteProcessMemory request was completed. (0x12B)
[0422/203449.278:ERROR:process_memory_win.cc(73)] ReadMemory at 0x190ca1ac9e0 of 132 bytes failed: Only part of a ReadProcessMemory or WriteProcessMemory request was completed. (0x12B)
[0422/203449.278:ERROR:process_memory_win.cc(73)] ReadMemory at 0x190ca1ad160 of 512 bytes failed: Only part of a ReadProcessMemory or WriteProcessMemory request was completed. (0x12B)
[0422/203449.278:ERROR:process_memory_win.cc(73)] ReadMemory at 0x190ca1ae450 of 132 bytes failed: Only part of a ReadProcessMemory or WriteProcessMemory request was completed. (0x12B)
[0422/203449.278:ERROR:process_memory_win.cc(73)] ReadMemory at 0x190ca1aeda0 of 132 bytes failed: Only part of a ReadProcessMemory or WriteProcessMemory request was completed. (0x12B)
[0422/203449.278:ERROR:process_memory_win.cc(73)] ReadMemory at 0x190ca1c73c0 of 512 bytes failed: Only part of a ReadProcessMemory or WriteProcessMemory request was completed. (0x12B)
[0422/203449.278:ERROR:process_memory_win.cc(73)] ReadMemory at 0x190ca660c40 of 1280 bytes failed: Only part of a ReadProcessMemory or WriteProcessMemory request was completed. (0x12B)
[0422/203449.278:ERROR:process_memory_win.cc(73)] ReadMemory at 0x190ca7458e0 of 512 bytes failed: Only part of a ReadProcessMemory or WriteProcessMemory request was completed. (0x12B)
[0422/203449.278:ERROR:process_memory_win.cc(73)] ReadMemory at 0x190ca77aae0 of 512 bytes failed: Only part of a ReadProcessMemory or WriteProcessMemory request was completed. (0x12B)
[0422/203449.278:ERROR:process_memory_win.cc(73)] ReadMemory at 0x190ca78c510 of 512 bytes failed: Only part of a ReadProcessMemory or WriteProcessMemory request was completed. (0x12B)
[0422/203449.278:ERROR:process_memory_win.cc(73)] ReadMemory at 0x190ca796c30 of 712 bytes failed: Only part of a ReadProcessMemory or WriteProcessMemory request was completed. (0x12B)
[0422/203449.279:ERROR:process_memory_win.cc(73)] ReadMemory at 0x190ca8150b8 of 520 bytes failed: Only part of a ReadProcessMemory or WriteProcessMemory request was completed. (0x12B)
[0422/203449.279:ERROR:process_memory_win.cc(73)] ReadMemory at 0x190ca846ca0 of 512 bytes failed: Only part of a ReadProcessMemory or WriteProcessMemory request was completed. (0x12B)
[0422/203449.279:ERROR:process_memory_win.cc(73)] ReadMemory at 0x190cc58b020 of 512 bytes failed: Only part of a ReadProcessMemory or WriteProcessMemory request was completed. (0x12B)
[0422/203449.279:ERROR:process_memory_win.cc(73)] ReadMemory at 0x190cc58c970 of 512 bytes failed: Only part of a ReadProcessMemory or WriteProcessMemory request was completed. (0x12B)
[0422/203449.279:ERROR:process_memory_win.cc(73)] ReadMemory at 0x190cc58e9c8 of 512 bytes failed: Only part of a ReadProcessMemory or WriteProcessMemory request was completed. (0x12B)
[0422/203449.279:ERROR:process_memory_win.cc(73)] ReadMemory at 0x190cc58ef68 of 512 bytes failed: Only part of a ReadProcessMemory or WriteProcessMemory request was completed. (0x12B)
[0422/203449.279:ERROR:process_memory_win.cc(73)] ReadMemory at 0x190cc58f1a8 of 944 bytes failed: Only part of a ReadProcessMemory or WriteProcessMemory request was completed. (0x12B)
[0422/203449.279:ERROR:process_memory_win.cc(73)] ReadMemory at 0x190cc590168 of 512 bytes failed: Only part of a ReadProcessMemory or WriteProcessMemory request was completed. (0x12B)
[0422/203449.279:ERROR:process_memory_win.cc(73)] ReadMemory at 0x190cc5a1630 of 512 bytes failed: Only part of a ReadProcessMemory or WriteProcessMemory request was completed. (0x12B)
[0422/203449.279:ERROR:process_memory_win.cc(73)] ReadMemory at 0x190cc5f4340 of 512 bytes failed: Only part of a ReadProcessMemory or WriteProcessMemory request was completed. (0x12B)
[0422/203449.280:ERROR:process_memory_win.cc(73)] ReadMemory at 0x190cc68b9d0 of 512 bytes failed: Only part of a ReadProcessMemory or WriteProcessMemory request was completed. (0x12B)
[0422/203449.280:ERROR:process_memory_win.cc(73)] ReadMemory at 0x190cc69a7e8 of 512 bytes failed: Only part of a ReadProcessMemory or WriteProcessMemory request was completed. (0x12B)
[0422/203449.280:ERROR:process_memory_win.cc(73)] ReadMemory at 0x190cc759e00 of 512 bytes failed: Only part of a ReadProcessMemory or WriteProcessMemory request was completed. (0x12B)
[0422/203449.280:ERROR:process_memory_win.cc(73)] ReadMemory at 0x190cd425200 of 512 bytes failed: Only part of a ReadProcessMemory or WriteProcessMemory request was completed. (0x12B)
[0422/203449.280:ERROR:process_memory_win.cc(73)] ReadMemory at 0x190cd475030 of 512 bytes failed: Only part of a ReadProcessMemory or WriteProcessMemory request was completed. (0x12B)
[0422/203449.280:ERROR:process_memory_win.cc(73)] ReadMemory at 0x190cd5129d0 of 512 bytes failed: Only part of a ReadProcessMemory or WriteProcessMemory request was completed. (0x12B)
[0422/203449.280:ERROR:process_memory_win.cc(73)] ReadMemory at 0x190cd51f1d0 of 512 bytes failed: Only part of a ReadProcessMemory or WriteProcessMemory request was completed. (0x12B)
[0422/203449.280:ERROR:process_memory_win.cc(73)] ReadMemory at 0x12f100000000 of 384 bytes failed: Only part of a ReadProcessMemory or WriteProcessMemory request was completed. (0x12B)
[0422/203449.280:ERROR:process_memory_win.cc(73)] ReadMemory at 0x12f1000ca0b0 of 512 bytes failed: Only part of a ReadProcessMemory or WriteProcessMemory request was completed. (0x12B)
[0422/203449.280:ERROR:process_memory_win.cc(73)] ReadMemory at 0x12f108486685 of 512 bytes failed: Only part of a ReadProcessMemory or WriteProcessMemory request was completed. (0x12B)
[0422/203449.280:ERROR:process_memory_win.cc(73)] ReadMemory at 0x12f1084a31b1 of 512 bytes failed: Only part of a ReadProcessMemory or WriteProcessMemory request was completed. (0x12B)
[0422/203449.281:ERROR:process_memory_win.cc(73)] ReadMemory at 0x12f1084b8a39 of 512 bytes failed: Only part of a ReadProcessMemory or WriteProcessMemory request was completed. (0x12B)
[0422/203449.281:ERROR:process_memory_win.cc(73)] ReadMemory at 0x12f1085c345d of 512 bytes failed: Only part of a ReadProcessMemory or WriteProcessMemory request was completed. (0x12B)
[0422/203449.281:ERROR:process_memory_win.cc(73)] ReadMemory at 0x12f1089167d5 of 512 bytes failed: Only part of a ReadProcessMemory or WriteProcessMemory request was completed. (0x12B)
[0422/203449.281:ERROR:process_memory_win.cc(73)] ReadMemory at 0x12f108ac3a79 of 512 bytes failed: Only part of a ReadProcessMemory or WriteProcessMemory request was completed. (0x12B)
[0422/203449.281:ERROR:process_memory_win.cc(73)] ReadMemory at 0x7ffad06b038c of 512 bytes failed: Only part of a ReadProcessMemory or WriteProcessMemory request was completed. (0x12B)
[0422/203449.281:ERROR:process_memory_win.cc(73)] ReadMemory at 0x7ffad473e29a of 512 bytes failed: Only part of a ReadProcessMemory or WriteProcessMemory request was completed. (0x12B)
[0422/203449.281:ERROR:process_memory_win.cc(73)] ReadMemory at 0x7ffade2d7a8d of 512 bytes failed: Only part of a ReadProcessMemory or WriteProcessMemory request was completed. (0x12B)
[0422/203449.281:ERROR:process_memory_win.cc(73)] ReadMemory at 0x7ffade2d8285 of 512 bytes failed: Only part of a ReadProcessMemory or WriteProcessMemory request was completed. (0x12B)
[0422/203449.343:ERROR:process_memory_win.cc(73)] ReadMemory at 0x7ffb12ffc074 of 672 bytes failed: Only part of a ReadProcessMemory or WriteProcessMemory request was completed. (0x12B)
[0422/203449.343:ERROR:process_memory_win.cc(73)] ReadMemory at 0x7ffb12fff924 of 608 bytes failed: Only part of a ReadProcessMemory or WriteProcessMemory request was completed. (0x12B)
[0422/203449.344:ERROR:process_memory_win.cc(73)] ReadMemory at 0x7ffb1308c428 of 18 bytes failed: Only part of a ReadProcessMemory or WriteProcessMemory request was completed. (0x12B)
[0422/203449.344:ERROR:process_memory_win.cc(73)] ReadMemory at 0x7ffb130bf4f8 of 40 bytes failed: Only part of a ReadProcessMemory or WriteProcessMemory request was completed. (0x12B)
[0422/203449.344:ERROR:process_memory_win.cc(73)] ReadMemory at 0x7ffb130bf978 of 48 bytes failed: Only part of a ReadProcessMemory or WriteProcessMemory request was completed. (0x12B)
[0422/203449.344:ERROR:process_memory_win.cc(73)] ReadMemory at 0x7ffb130c53c0 of 64 bytes failed: Only part of a ReadProcessMemory or WriteProcessMemory request was completed. (0x12B)
[0422/203449.346:ERROR:scoped_process_suspend.cc(40)] NtResumeProcess: An attempt was made to access an exiting process. (0xc000010a)
